<?xml version="1.0" encoding="utf-8"?><testsuites name="pytest tests"><testsuite name="pytest" errors="0" failures="0" skipped="0" tests="14" time="29.717" timestamp="2026-03-13T22:25:27.709881+00:00" hostname="agent-env-86b53a0a-7d3c-4bc8-a81f-9c536e833ebe"><testcase classname="backend.tests.test_build2_shared_state.TestAuthRegression" name="test_login_success" time="0.515" /><testcase classname="backend.tests.test_build2_shared_state.TestAuthRegression" name="test_login_invalid" time="0.173" /><testcase classname="backend.tests.test_build2_shared_state.TestSchedulerStartup" name="test_backend_health" time="0.114" /><testcase classname="backend.tests.test_build2_shared_state.TestSchedulerStartup" name="test_backend_root_responds" time="0.117" /><testcase classname="backend.tests.test_build2_shared_state.TestEventBusPendingEvents" name="test_recent_events_endpoint" time="0.481" /><testcase classname="backend.tests.test_build2_shared_state.TestEventBusPendingEvents" name="test_recent_events_have_estado_field" time="0.116" /><testcase classname="backend.tests.test_build2_shared_state.TestEmitStateChange" name="test_processed_events_exist" time="0.119" /><testcase classname="backend.tests.test_build2_shared_state.TestSharedStatePython" name="test_portfolio_health_via_script" time="0.682" /><testcase classname="backend.tests.test_build2_shared_state.TestSharedStatePython" name="test_daily_collection_queue_via_script" time="0.674" /><testcase classname="backend.tests.test_build2_shared_state.TestCacheTTL" name="test_cache_second_call_fast" time="0.663" /><testcase classname="backend.tests.test_build2_shared_state.TestFindSimilarPattern" name="test_find_similar_pattern" time="2.299" /><testcase classname="backend.tests.test_build2_shared_state.TestChatRegression" name="test_chat_message" time="23.442" /><testcase classname="backend.tests.test_build2_shared_state.TestLoanbookStatsRegression" name="test_loanbook_stats" time="0.156" /><testcase classname="backend.tests.test_build2_shared_state.TestSettingsCatalogoRegression" name="test_settings_catalogo" time="0.104" /></testsuite></testsuites>