<?xml version="1.0" encoding="utf-8"?><testsuites name="pytest tests"><testsuite name="pytest" errors="0" failures="0" skipped="0" tests="21" time="14.919" timestamp="2026-03-15T00:19:46.240995+00:00" hostname="agent-env-86b53a0a-7d3c-4bc8-a81f-9c536e833ebe"><testcase classname="tests.test_build7_scheduler.TestSchedulerRegistration" name="test_9_jobs_in_startup_log" time="0.003" /><testcase classname="tests.test_build7_scheduler.TestSchedulerRegistration" name="test_9_jobs_full_message" time="0.011" /><testcase classname="tests.test_build7_scheduler.TestSchedulerRegistration" name="test_no_old_resumen_semanal_function" time="0.006" /><testcase classname="tests.test_build7_scheduler.TestJobFunctions" name="test_7b1_calcular_dpd_todos" time="0.876" /><testcase classname="tests.test_build7_scheduler.TestJobFunctions" name="test_7b2_calcular_scores" time="0.744" /><testcase classname="tests.test_build7_scheduler.TestJobFunctions" name="test_7b3_alertar_buckets_criticos" time="0.722" /><testcase classname="tests.test_build7_scheduler.TestJobFunctions" name="test_7b4_recordatorio_preventivo" time="0.800" /><testcase classname="tests.test_build7_scheduler.TestJobFunctions" name="test_7b5_recordatorio_vencimiento" time="0.728" /><testcase classname="tests.test_build7_scheduler.TestJobFunctions" name="test_7b6_notificar_mora_nueva" time="0.711" /><testcase classname="tests.test_build7_scheduler.TestJobFunctions" name="test_7b7_verificar_alertas_cfo_no_wa" time="2.950" /><testcase classname="tests.test_build7_scheduler.TestJobFunctions" name="test_7b8_resumen_semanal_ceo" time="2.491" /><testcase classname="tests.test_build7_scheduler.TestPTPAndCFO" name="test_7c1_ptp_followup_no_crash" time="2.469" /><testcase classname="tests.test_build7_scheduler.TestPTPAndCFO" name="test_7c2_cfo_alerta_estado_nueva" time="0.735" /><testcase classname="tests.test_build7_scheduler.TestExactTexts" name="test_7d1_dpd8_message_format" time="0.115" /><testcase classname="tests.test_build7_scheduler.TestExactTexts" name="test_7d2_dpd15_message_format" time="0.000" /><testcase classname="tests.test_build7_scheduler.TestExactTexts" name="test_7d3_mora_nueva_message" time="0.000" /><testcase classname="tests.test_build7_scheduler.TestExactTexts" name="test_7d4_preventivo_and_vencimiento_texts" time="0.000" /><testcase classname="tests.test_build7_scheduler.TestExactTexts" name="test_7b8_resumen_format_under_450_chars" time="0.120" /><testcase classname="tests.test_build7_scheduler.TestBackendAPIs" name="test_7e1_radar_queue_200" time="0.422" /><testcase classname="tests.test_build7_scheduler.TestBackendAPIs" name="test_7e2_cfo_alertas_200" time="0.433" /><testcase classname="tests.test_build7_scheduler.TestBackendAPIs" name="test_7e3_cfo_config_post" time="0.502" /></testsuite></testsuites>