<?xml version="1.0" encoding="utf-8"?><testsuites name="pytest tests"><testsuite name="pytest" errors="0" failures="0" skipped="0" tests="14" time="5.769" timestamp="2026-03-15T01:33:39.554676+00:00" hostname="agent-env-86b53a0a-7d3c-4bc8-a81f-9c536e833ebe"><testcase classname="backend.tests.test_build9.TestLearningEndpoint" name="test_learning_returns_200" time="0.642" /><testcase classname="backend.tests.test_build9.TestLearningEndpoint" name="test_learning_response_structure" time="0.128" /><testcase classname="backend.tests.test_build9.TestLearningEndpoint" name="test_recomendacion_fields" time="0.112" /><testcase classname="backend.tests.test_build9.TestLearningEndpoint" name="test_alerta_deterioro_null_when_no_pattern" time="0.116" /><testcase classname="backend.tests.test_build9.TestLearningEndpoint" name="test_learning_404_for_invalid_id" time="0.111" /><testcase classname="backend.tests.test_build9.TestSchedulerTriggerBuild9" name="test_trigger_alertas_predictivas" time="0.148" /><testcase classname="backend.tests.test_build9.TestSchedulerTriggerBuild9" name="test_trigger_resolver_outcomes" time="0.120" /><testcase classname="backend.tests.test_build9.TestSchedulerTriggerBuild9" name="test_trigger_procesar_patrones" time="0.123" /><testcase classname="backend.tests.test_build9.TestCrearOutcome" name="test_registrar_gestion_returns_200" time="0.119" /><testcase classname="backend.tests.test_build9.TestCrearOutcome" name="test_learning_outcome_created_after_gestion" time="3.325" /><testcase classname="backend.tests.test_build9.TestE2EFlow" name="test_e2e_gestion_in_timeline" time="0.290" /><testcase classname="backend.tests.test_build9.TestE2EFlow" name="test_e2e_resolver_outcomes_ok" time="0.116" /><testcase classname="backend.tests.test_build9.TestE2EFlow" name="test_e2e_procesar_patrones_ok" time="0.123" /><testcase classname="backend.tests.test_build9.TestE2EFlow" name="test_e2e_learning_endpoint_no_errors" time="0.120" /></testsuite></testsuites>