<?xml version="1.0" encoding="utf-8"?><testsuites name="pytest tests"><testsuite name="pytest" errors="0" failures="0" skipped="0" tests="10" time="1.793" timestamp="2026-03-13T23:12:08.445104+00:00" hostname="agent-env-86b53a0a-7d3c-4bc8-a81f-9c536e833ebe"><testcase classname="backend.tests.test_build3_sprint1.TestRadarEndpoints" name="test_portfolio_health" time="0.593" /><testcase classname="backend.tests.test_build3_sprint1.TestRadarEndpoints" name="test_collection_queue" time="0.139" /><testcase classname="backend.tests.test_build3_sprint1.TestRadarEndpoints" name="test_semana_stats" time="0.158" /><testcase classname="backend.tests.test_build3_sprint1.TestRadarEndpoints" name="test_roll_rate" time="0.141" /><testcase classname="backend.tests.test_build3_sprint1.TestLoanbookBuild3" name="test_register_gestion" time="0.129" /><testcase classname="backend.tests.test_build3_sprint1.TestLoanbookBuild3" name="test_register_ptp" time="0.114" /><testcase classname="backend.tests.test_build3_sprint1.TestLoanbookBuild3" name="test_snapshot_build3_fields" time="0.150" /><testcase classname="backend.tests.test_build3_sprint1.TestMigrationV24" name="test_migration_idempotent" time="0.085" /><testcase classname="backend.tests.test_build3_sprint1.TestSchedulerCalculations" name="test_lb_test001_dpd_bucket" time="0.111" /><testcase classname="backend.tests.test_build3_sprint1.TestSchedulerCalculations" name="test_lb_test001_score" time="0.115" /></testsuite></testsuites>