<?xml version="1.0" encoding="utf-8"?><testsuites name="pytest tests"><testsuite name="pytest" errors="0" failures="0" skipped="0" tests="8" time="3.099" timestamp="2026-03-15T00:59:29.036577+00:00" hostname="agent-env-86b53a0a-7d3c-4bc8-a81f-9c536e833ebe"><testcase classname="backend.tests.test_build8.TestScheduler" name="test_trigger_known_job" time="1.936" /><testcase classname="backend.tests.test_build8.TestScheduler" name="test_trigger_unknown_job_returns_4xx" time="0.139" /><testcase classname="backend.tests.test_build8.TestScheduler" name="test_list_jobs" time="0.129" /><testcase classname="backend.tests.test_build8.TestWaLogs" name="test_wa_logs_returns_array" time="0.158" /><testcase classname="backend.tests.test_build8.TestDashboardAPIs" name="test_radar_semana" time="0.152" /><testcase classname="backend.tests.test_build8.TestDashboardAPIs" name="test_radar_queue" time="0.142" /><testcase classname="backend.tests.test_build8.TestDashboardAPIs" name="test_inventario_stats" time="0.126" /><testcase classname="backend.tests.test_build8.TestDashboardAPIs" name="test_cfo_alertas" time="0.133" /></testsuite></testsuites>