<?xml version="1.0" encoding="utf-8"?><testsuites name="pytest tests"><testsuite name="pytest" errors="0" failures="0" skipped="0" tests="11" time="173.326" timestamp="2026-03-13T22:39:12.263957+00:00" hostname="agent-env-86b53a0a-7d3c-4bc8-a81f-9c536e833ebe"><testcase classname="tests.test_build2_sprint2.TestSharedState" name="test_2a1_portfolio_health_all_fields" time="0.083" /><testcase classname="tests.test_build2_sprint2.TestSharedState" name="test_2a2_client_360_existing_phone" time="0.001" /><testcase classname="tests.test_build2_sprint2.TestSharedState" name="test_2a3_client_360_nonexistent_phone" time="0.001" /><testcase classname="tests.test_build2_sprint2.TestSharedState" name="test_2a4_daily_collection_queue_fields" time="0.001" /><testcase classname="tests.test_build2_sprint2.TestSharedState" name="test_2a5_portfolio_health_cache_fast" time="0.000" /><testcase classname="tests.test_build2_sprint2.TestEmitStateChange" name="test_2b1_emit_creates_processed_event" time="0.001" /><testcase classname="tests.test_build2_sprint2.TestEmitStateChange" name="test_2b2_emit_invalidates_cache" time="0.001" /><testcase classname="tests.test_build2_sprint2.TestChatAPI" name="test_2c1_chat_message_no_error" time="26.699" /><testcase classname="tests.test_build2_sprint2.TestChatAPI" name="test_2c2_chat_pattern_detection" time="26.197" /><testcase classname="tests.test_build2_sprint2.TestScheduler" name="test_2d1_known_event_type_processed" time="60.008" /><testcase classname="tests.test_build2_sprint2.TestScheduler" name="test_2d2_unknown_event_type_failed_no_crash" time="60.284" /></testsuite></testsuites>