<?xml version="1.0" encoding="utf-8"?><testsuites name="pytest tests"><testsuite name="pytest" errors="0" failures="0" skipped="0" tests="9" time="2.210" timestamp="2026-03-13T21:51:28.611085+00:00" hostname="agent-env-86b53a0a-7d3c-4bc8-a81f-9c536e833ebe"><testcase classname="backend.tests.test_catalogo_motos.TestGetCatalogo" name="test_get_catalogo_returns_200" time="0.560" /><testcase classname="backend.tests.test_catalogo_motos.TestGetCatalogo" name="test_get_catalogo_has_sport100" time="0.191" /><testcase classname="backend.tests.test_catalogo_motos.TestGetCatalogo" name="test_get_catalogo_has_raider125" time="0.109" /><testcase classname="backend.tests.test_catalogo_motos.TestGetCatalogo" name="test_get_catalogo_fields" time="0.154" /><testcase classname="backend.tests.test_catalogo_motos.TestCreateCatalogo" name="test_post_catalogo_creates_model" time="0.154" /><testcase classname="backend.tests.test_catalogo_motos.TestCreateCatalogo" name="test_created_model_persists" time="0.160" /><testcase classname="backend.tests.test_catalogo_motos.TestUpdateCatalogo" name="test_put_updates_pvp" time="0.401" /><testcase classname="backend.tests.test_catalogo_motos.TestUpdateCatalogo" name="test_put_deactivates_model" time="0.316" /><testcase classname="backend.tests.test_catalogo_motos.TestUpdateCatalogo" name="test_put_nonexistent_returns_404" time="0.108" /></testsuite></testsuites>