<?xml version="1.0" encoding="utf-8"?><testsuites name="pytest tests"><testsuite name="pytest" errors="0" failures="0" skipped="0" tests="18" time="54.134" timestamp="2026-03-13T23:58:15.219601+00:00" hostname="agent-env-86b53a0a-7d3c-4bc8-a81f-9c536e833ebe"><testcase classname="backend.tests.test_cfo_build4.TestSemaforo" name="test_semaforo_status" time="2.502" /><testcase classname="backend.tests.test_cfo_build4.TestSemaforo" name="test_semaforo_has_5_dimensiones" time="2.342" /><testcase classname="backend.tests.test_cfo_build4.TestSemaforo" name="test_semaforo_dimensiones_content" time="1.862" /><testcase classname="backend.tests.test_cfo_build4.TestPyG" name="test_pyg_status" time="2.262" /><testcase classname="backend.tests.test_cfo_build4.TestPyG" name="test_pyg_has_required_fields" time="3.003" /><testcase classname="backend.tests.test_cfo_build4.TestCfoConfig" name="test_config_get_status" time="0.131" /><testcase classname="backend.tests.test_cfo_build4.TestCfoConfig" name="test_config_defaults" time="0.110" /><testcase classname="backend.tests.test_cfo_build4.TestCfoConfig" name="test_config_post" time="0.135" /><testcase classname="backend.tests.test_cfo_build4.TestCfoInformes" name="test_informes_status" time="0.172" /><testcase classname="backend.tests.test_cfo_build4.TestCfoInformes" name="test_informes_is_array" time="0.105" /><testcase classname="backend.tests.test_cfo_build4.TestCfoInformeMensual" name="test_informe_mensual_status" time="0.112" /><testcase classname="backend.tests.test_cfo_build4.TestCfoInformeMensual" name="test_informe_mensual_response" time="0.124" /><testcase classname="backend.tests.test_cfo_build4.TestCfoAlertas" name="test_alertas_status" time="0.111" /><testcase classname="backend.tests.test_cfo_build4.TestCfoAlertas" name="test_alertas_is_array" time="0.104" /><testcase classname="backend.tests.test_cfo_build4.TestCfoPlanAccion" name="test_plan_accion_status" time="0.107" /><testcase classname="backend.tests.test_cfo_build4.TestCfoPlanAccion" name="test_plan_accion_has_plan" time="0.109" /><testcase classname="backend.tests.test_cfo_build4.TestCfoGenerar" name="test_generar_status" time="21.756" /><testcase classname="backend.tests.test_cfo_build4.TestCfoGenerar" name="test_generar_has_content" time="18.992" /></testsuite></testsuites>