<?xml version="1.0" encoding="utf-8"?><testsuites name="pytest tests"><testsuite name="pytest" errors="0" failures="1" skipped="0" tests="13" time="148.638" timestamp="2026-03-15T02:45:02.758488+00:00" hostname="agent-env-86b53a0a-7d3c-4bc8-a81f-9c536e833ebe"><testcase classname="backend.tests.test_gaps_iteration28.TestGap1NormalizarTelefono" name="test_webhook_detects_cliente_sin_prefijo" time="0.637"><failure message="AssertionError: No CRM client with +57 prefix found — migration may not have run&#10;assert False">backend/tests/test_gaps_iteration28.py:47: in test_webhook_detects_cliente_sin_prefijo
    assert found, "No CRM client with +57 prefix found — migration may not have run"
E   AssertionError: No CRM client with +57 prefix found — migration may not have run
E   assert False</failure></testcase><testcase classname="backend.tests.test_gaps_iteration28.TestGap1NormalizarTelefono" name="test_crm_clientes_telefono_formato" time="0.108" /><testcase classname="backend.tests.test_gaps_iteration28.TestGap1NormalizarTelefono" name="test_loanbook_telefono_normalizado" time="0.125" /><testcase classname="backend.tests.test_gaps_iteration28.TestGap1Webhook" name="test_webhook_returns_ok_without_config" time="0.155" /><testcase classname="backend.tests.test_gaps_iteration28.TestGap1Webhook" name="test_webhook_accepts_normalized_phone" time="0.121" /><testcase classname="backend.tests.test_gaps_iteration28.TestGap2InventarioStats" name="test_stats_returns_required_fields" time="0.120" /><testcase classname="backend.tests.test_gaps_iteration28.TestGap2InventarioStats" name="test_stats_values_are_numeric" time="0.116" /><testcase classname="backend.tests.test_gaps_iteration28.TestGap2InventarioStats" name="test_stats_consistency" time="0.177" /><testcase classname="backend.tests.test_gaps_iteration28.TestGap3CfoAsync" name="test_generar_returns_job_id_immediately" time="0.115" /><testcase classname="backend.tests.test_gaps_iteration28.TestGap3CfoAsync" name="test_status_endpoint_returns_job" time="0.234" /><testcase classname="backend.tests.test_gaps_iteration28.TestGap3CfoAsync" name="test_status_404_for_unknown_job" time="0.107" /><testcase classname="backend.tests.test_gaps_iteration28.TestGap3CfoAsync" name="test_full_polling_flow" time="101.716" /><testcase classname="backend.tests.test_gaps_iteration28.TestGap1LoanbookCreate" name="test_create_loan_normalizes_phone" time="44.713" /></testsuite></testsuites>