<?xml version="1.0" encoding="utf-8"?><testsuites name="pytest tests"><testsuite name="pytest" errors="0" failures="0" skipped="0" tests="12" time="2.667" timestamp="2026-03-15T16:02:29.200569+00:00" hostname="agent-env-86b53a0a-7d3c-4bc8-a81f-9c536e833ebe"><testcase classname="backend.tests.test_iteration32.TestTareaActiva" name="test_get_tarea_activa" time="0.657" /><testcase classname="backend.tests.test_iteration32.TestTareaActiva" name="test_pausar_tarea" time="0.274" /><testcase classname="backend.tests.test_iteration32.TestTareaActiva" name="test_get_tarea_after_pausar" time="0.106" /><testcase classname="backend.tests.test_iteration32.TestTareaActiva" name="test_continuar_tarea" time="0.132" /><testcase classname="backend.tests.test_iteration32.TestTareaActiva" name="test_get_tarea_after_continuar" time="0.156" /><testcase classname="backend.tests.test_iteration32.TestTareaActiva" name="test_avance_pasos_completados_retrocompatibilidad" time="0.132" /><testcase classname="backend.tests.test_iteration32.TestTareaActiva" name="test_pausar_nonexistent_fails" time="0.349" /><testcase classname="backend.tests.test_iteration32.TestInventarioStats" name="test_get_stats" time="0.144" /><testcase classname="backend.tests.test_iteration32.TestInventarioStats" name="test_get_motos_no_filter" time="0.114" /><testcase classname="backend.tests.test_iteration32.TestInventarioStats" name="test_get_motos_filter_disponible" time="0.123" /><testcase classname="backend.tests.test_iteration32.TestInventarioStats" name="test_get_motos_filter_entregada" time="0.169" /><testcase classname="backend.tests.test_iteration32.TestInventarioStats" name="test_get_motos_todas_excludes_anulada" time="0.247" /></testsuite></testsuites>