<?xml version="1.0" encoding="utf-8"?><testsuites name="pytest tests"><testsuite name="pytest" errors="0" failures="0" skipped="0" tests="12" time="1.643" timestamp="2026-03-15T14:36:00.766207+00:00" hostname="agent-env-86b53a0a-7d3c-4bc8-a81f-9c536e833ebe"><testcase classname="backend.tests.test_iteration29_features.TestGuardDobleVenta" name="test_B1_guard_blocks_moto_vendida_with_details" time="0.009" /><testcase classname="backend.tests.test_iteration29_features.TestGuardDobleVenta" name="test_B2_guard_blocks_inexistent_chasis" time="0.001" /><testcase classname="backend.tests.test_iteration29_features.TestGuardDobleVenta" name="test_B3_guard_allows_disponible_moto" time="0.001" /><testcase classname="backend.tests.test_iteration29_features.TestGuardDobleVenta" name="test_B4_guard_blocks_generic_sale_zero_stock" time="0.001" /><testcase classname="backend.tests.test_iteration29_features.TestGuardDobleVenta" name="test_B5_guard_allows_generic_sale_with_stock" time="0.001" /><testcase classname="backend.tests.test_iteration29_features.TestGuardDobleVenta" name="test_B6_guard_blocks_after_marking_as_vendida" time="0.003" /><testcase classname="backend.tests.test_iteration29_features.TestSyncInventario" name="test_A1_sync_with_chasis_creates_disponible" time="0.590" /><testcase classname="backend.tests.test_iteration29_features.TestSyncInventario" name="test_A2_sync_without_chasis_creates_pendiente_datos" time="0.373" /><testcase classname="backend.tests.test_iteration29_features.TestSyncInventario" name="test_A3_compra_motos_empty_motos_creates_pendiente_event" time="0.002" /><testcase classname="backend.tests.test_iteration29_features.TestVerificaciones" name="test_C1_inventario_stats_returns_pendiente_datos" time="0.539" /><testcase classname="backend.tests.test_iteration29_features.TestVerificaciones" name="test_C2_db_has_pendiente_datos_documents" time="0.002" /><testcase classname="backend.tests.test_iteration29_features.TestVerificaciones" name="test_C3_system_prompt_has_required_keywords" time="0.000" /></testsuite></testsuites>