<?xml version="1.0" encoding="utf-8"?><testsuites name="pytest tests"><testsuite name="pytest" errors="0" failures="0" skipped="0" tests="14" time="2.138" timestamp="2026-03-13T03:51:45.614987+00:00" hostname="agent-env-86b53a0a-7d3c-4bc8-a81f-9c536e833ebe"><testcase classname="backend.tests.test_cartera_events.TestRutaHoy" name="test_status_200" time="0.586" /><testcase classname="backend.tests.test_cartera_events.TestRutaHoy" name="test_response_has_ruta_array" time="0.114" /><testcase classname="backend.tests.test_cartera_events.TestRutaHoy" name="test_response_has_resumen" time="0.105" /><testcase classname="backend.tests.test_cartera_events.TestRutaHoy" name="test_response_has_fecha" time="0.112" /><testcase classname="backend.tests.test_cartera_events.TestRutaHoy" name="test_ruta_items_have_required_fields" time="0.114" /><testcase classname="backend.tests.test_cartera_events.TestRutaHoy" name="test_requires_auth" time="0.105" /><testcase classname="backend.tests.test_cartera_events.TestEventsRecent" name="test_status_200" time="0.107" /><testcase classname="backend.tests.test_cartera_events.TestEventsRecent" name="test_returns_list" time="0.108" /><testcase classname="backend.tests.test_cartera_events.TestEventsRecent" name="test_limit_param" time="0.104" /><testcase classname="backend.tests.test_cartera_events.TestEventsRecent" name="test_requires_auth" time="0.098" /><testcase classname="backend.tests.test_cartera_events.TestEventsStats" name="test_status_200" time="0.108" /><testcase classname="backend.tests.test_cartera_events.TestEventsStats" name="test_response_fields" time="0.161" /><testcase classname="backend.tests.test_cartera_events.TestEventsStats" name="test_by_type_is_dict" time="0.115" /><testcase classname="backend.tests.test_cartera_events.TestEventsStats" name="test_requires_auth" time="0.112" /></testsuite></testsuites>