<?xml version="1.0" encoding="utf-8"?><testsuites name="pytest tests"><testsuite name="pytest" errors="0" failures="0" skipped="0" tests="15" time="1.034" timestamp="2026-03-15T14:49:43.951992+00:00" hostname="agent-env-86b53a0a-7d3c-4bc8-a81f-9c536e833ebe"><testcase classname="backend.tests.test_iteration30_anulacion.TestGuardBlocks" name="test_guard_finds_blocked_motos" time="0.012" /><testcase classname="backend.tests.test_iteration30_anulacion.TestGuardBlocks" name="test_guard_error_message_contains_no_se_puede_anular" time="0.009" /><testcase classname="backend.tests.test_iteration30_anulacion.TestGuardAllows" name="test_guard_finds_zero_blocked_motos" time="0.008" /><testcase classname="backend.tests.test_iteration30_anulacion.TestPostActionSyncCaso5" name="test_post_action_sync_updates_estado_to_anulada" time="0.011" /><testcase classname="backend.tests.test_iteration30_anulacion.TestPostActionSyncCaso5" name="test_post_action_sync_creates_event" time="0.011" /><testcase classname="backend.tests.test_iteration30_anulacion.TestAlegraMockDelete" name="test_alegra_mock_delete_bills" time="0.211" /><testcase classname="backend.tests.test_iteration30_anulacion.TestSystemPromptKeywords" name="test_keyword_referencia" time="0.001" /><testcase classname="backend.tests.test_iteration30_anulacion.TestSystemPromptKeywords" name="test_keyword_vin" time="0.000" /><testcase classname="backend.tests.test_iteration30_anulacion.TestSystemPromptKeywords" name="test_keyword_negro_mate" time="0.000" /><testcase classname="backend.tests.test_iteration30_anulacion.TestSystemPromptKeywords" name="test_keyword_anular_factura_compra" time="0.000" /><testcase classname="backend.tests.test_iteration30_anulacion.TestSystemPromptKeywords" name="test_keyword_caso_anular" time="0.000" /><testcase classname="backend.tests.test_iteration30_anulacion.TestSystemPromptKeywords" name="test_rule_cantidad_one_chasis" time="0.000" /><testcase classname="backend.tests.test_iteration30_anulacion.TestSystemPromptKeywords" name="test_keyword_pendiente_datos" time="0.000" /><testcase classname="backend.tests.test_iteration30_anulacion.TestStatsAnulada" name="test_anulada_not_in_disponibles" time="0.633" /><testcase classname="backend.tests.test_iteration30_anulacion.TestActionHandlerRegistered" name="test_special_handler_before_action_map" time="0.001" /></testsuite></testsuites>