<?xml version="1.0" encoding="utf-8"?><testsuites name="pytest tests"><testsuite name="pytest" errors="0" failures="0" skipped="0" tests="10" time="43.360" timestamp="2026-03-15T15:39:19.015821+00:00" hostname="agent-env-86b53a0a-7d3c-4bc8-a81f-9c536e833ebe"><testcase classname="tests.test_iteration31_memoria_ia" name="test_inventario_stats_returns_200" time="0.566" /><testcase classname="tests.test_iteration31_memoria_ia" name="test_post_tarea_creates_doc" time="0.146" /><testcase classname="tests.test_iteration31_memoria_ia" name="test_get_tarea_retorna_en_curso" time="0.053" /><testcase classname="tests.test_iteration31_memoria_ia" name="test_patch_tarea_avance" time="0.110" /><testcase classname="tests.test_iteration31_memoria_ia" name="test_chat_pausa_tarea" time="3.280" /><testcase classname="tests.test_iteration31_memoria_ia" name="test_chat_continua_tarea" time="3.378" /><testcase classname="tests.test_iteration31_memoria_ia" name="test_chat_en_que_ibamos" time="3.076" /><testcase classname="tests.test_iteration31_memoria_ia" name="test_historial_persistente" time="32.323" /><testcase classname="tests.test_iteration31_memoria_ia" name="test_tarea_endpoints_auth_required" time="0.369" /><testcase classname="tests.test_iteration31_memoria_ia" name="test_code_grep_keywords" time="0.005" /></testsuite></testsuites>