<?xml version="1.0" encoding="utf-8"?><testsuites name="pytest tests"><testsuite name="pytest" errors="0" failures="0" skipped="0" tests="10" time="41.221" timestamp="2026-03-13T00:54:22.293925+00:00" hostname="agent-env-86b53a0a-7d3c-4bc8-a81f-9c536e833ebe"><testcase classname="backend.tests.test_accounts_fix.TestAccountsEndpoint" name="test_accounts_returns_list" time="1.312" /><testcase classname="backend.tests.test_accounts_fix.TestAccountsEndpoint" name="test_accounts_not_empty" time="0.695" /><testcase classname="backend.tests.test_accounts_fix.TestAccountsEndpoint" name="test_accounts_have_required_fields" time="0.728" /><testcase classname="backend.tests.test_accounts_fix.TestAccountsEndpoint" name="test_accounts_no_puc_code" time="0.671" /><testcase classname="backend.tests.test_accounts_fix.TestAccountsEndpoint" name="test_accounts_hierarchical_structure" time="0.599" /><testcase classname="backend.tests.test_accounts_fix.TestAccountsEndpoint" name="test_accounts_total_count_large" time="0.668" /><testcase classname="backend.tests.test_accounts_fix.TestAccountsSearch" name="test_flatten_and_search_by_name" time="0.572" /><testcase classname="backend.tests.test_accounts_fix.TestAccountsSearch" name="test_account_types_present" time="0.578" /><testcase classname="backend.tests.test_accounts_fix.TestChatEndpoint" name="test_chat_basic_response" time="20.529" /><testcase classname="backend.tests.test_accounts_fix.TestChatEndpoint" name="test_chat_arrendamiento_suggests_accounts" time="14.774" /></testsuite></testsuites>