<?xml version="1.0" encoding="utf-8"?><testsuites name="pytest tests"><testsuite name="pytest" errors="0" failures="0" skipped="0" tests="17" time="13.139" timestamp="2026-03-12T21:46:25.766923+00:00" hostname="agent-env-86b53a0a-7d3c-4bc8-a81f-9c536e833ebe"><testcase classname="backend.tests.test_roddos_backend.TestAuth" name="test_admin_login" time="0.604" /><testcase classname="backend.tests.test_roddos_backend.TestAuth" name="test_contador_login" time="0.436" /><testcase classname="backend.tests.test_roddos_backend.TestAuth" name="test_invalid_login" time="0.161" /><testcase classname="backend.tests.test_roddos_backend.TestAuth" name="test_me_endpoint" time="0.514" /><testcase classname="backend.tests.test_roddos_backend.TestAuth" name="test_unauthenticated_request" time="0.153" /><testcase classname="backend.tests.test_roddos_backend.TestAlegraEndpoints" name="test_get_accounts" time="0.137" /><testcase classname="backend.tests.test_roddos_backend.TestAlegraEndpoints" name="test_get_invoices" time="0.097" /><testcase classname="backend.tests.test_roddos_backend.TestAlegraEndpoints" name="test_get_bills" time="0.198" /><testcase classname="backend.tests.test_roddos_backend.TestAlegraEndpoints" name="test_get_contacts" time="0.187" /><testcase classname="backend.tests.test_roddos_backend.TestAlegraEndpoints" name="test_get_bank_accounts" time="0.153" /><testcase classname="backend.tests.test_roddos_backend.TestAlegraEndpoints" name="test_get_journal_entries" time="0.109" /><testcase classname="backend.tests.test_roddos_backend.TestAlegraEndpoints" name="test_accounts_require_auth" time="0.161" /><testcase classname="backend.tests.test_roddos_backend.TestSettings" name="test_get_demo_mode" time="0.107" /><testcase classname="backend.tests.test_roddos_backend.TestSettings" name="test_get_credentials_admin" time="0.126" /><testcase classname="backend.tests.test_roddos_backend.TestSettings" name="test_get_credentials_non_admin_forbidden" time="0.481" /><testcase classname="backend.tests.test_roddos_backend.TestSettings" name="test_get_default_accounts" time="0.120" /><testcase classname="backend.tests.test_roddos_backend.TestChat" name="test_chat_message" time="9.329" /></testsuite></testsuites>