<?xml version="1.0" encoding="utf-8"?><testsuites name="pytest tests"><testsuite name="pytest" errors="0" failures="0" skipped="0" tests="13" time="1.867" timestamp="2026-03-14T23:55:36.851649+00:00" hostname="agent-env-86b53a0a-7d3c-4bc8-a81f-9c536e833ebe"><testcase classname="backend.tests.test_build6_radar_crm.TestRadarQueue" name="test_6a1_queue_response_time" time="0.647" /><testcase classname="backend.tests.test_build6_radar_crm.TestRadarQueue" name="test_6a2_queue_item_fields" time="0.069" /><testcase classname="backend.tests.test_build6_radar_crm.TestRadarQueue" name="test_6a3_queue_order" time="0.114" /><testcase classname="backend.tests.test_build6_radar_crm.TestRadarQueue" name="test_6a4_semana_endpoint" time="0.070" /><testcase classname="backend.tests.test_build6_radar_crm.TestRadarQueue" name="test_6a5_roll_rate" time="0.068" /><testcase classname="backend.tests.test_build6_radar_crm.TestCRMMutations" name="test_6b1_update_datos" time="0.147" /><testcase classname="backend.tests.test_build6_radar_crm.TestCRMMutations" name="test_6b2_add_nota" time="0.071" /><testcase classname="backend.tests.test_build6_radar_crm.TestCRMMutations" name="test_6b3_register_gestion" time="0.175" /><testcase classname="backend.tests.test_build6_radar_crm.TestCRMMutations" name="test_6b4_register_ptp_gestion" time="0.067" /><testcase classname="backend.tests.test_build6_radar_crm.TestRouteMigration" name="test_6c1_old_cartera_queue_returns_404" time="0.073" /><testcase classname="backend.tests.test_build6_radar_crm.TestRouteMigration" name="test_6c2_new_radar_queue_returns_200" time="0.065" /><testcase classname="backend.tests.test_build6_radar_crm.TestRouteMigration" name="test_6c_crm_list_returns_200" time="0.068" /><testcase classname="backend.tests.test_build6_radar_crm.TestRouteMigration" name="test_6c_crm_profile_returns_200" time="0.078" /></testsuite></testsuites>