<?xml version="1.0" encoding="utf-8"?><testsuites name="pytest tests"><testsuite name="pytest" errors="0" failures="0" skipped="0" tests="15" time="2.917" timestamp="2026-03-12T23:19:52.058841+00:00" hostname="agent-env-86b53a0a-7d3c-4bc8-a81f-9c536e833ebe"><testcase classname="backend.tests.test_iter3.TestLogin" name="test_admin_login" time="0.404" /><testcase classname="backend.tests.test_iter3.TestLogin" name="test_user_login" time="0.375" /><testcase classname="backend.tests.test_iter3.TestLogin" name="test_invalid_login" time="0.138" /><testcase classname="backend.tests.test_iter3.TestDashboard" name="test_alerts" time="0.517" /><testcase classname="backend.tests.test_iter3.TestDashboard" name="test_kpis_via_alegra" time="0.115" /><testcase classname="backend.tests.test_iter3.TestAgent" name="test_suggestions" time="0.185" /><testcase classname="backend.tests.test_iter3.TestTwoFA" name="test_2fa_status_admin" time="0.114" /><testcase classname="backend.tests.test_iter3.TestAuditLog" name="test_audit_log" time="0.122" /><testcase classname="backend.tests.test_iter3.TestWebhooks" name="test_webhook_register" time="0.145" /><testcase classname="backend.tests.test_iter3.TestWebhooks" name="test_webhook_status" time="0.124" /><testcase classname="backend.tests.test_iter3.TestModules" name="test_inventario_auteco" time="0.123" /><testcase classname="backend.tests.test_iter3.TestModules" name="test_inventario_stats" time="0.138" /><testcase classname="backend.tests.test_iter3.TestModules" name="test_facturas_venta" time="0.123" /><testcase classname="backend.tests.test_iter3.TestModules" name="test_facturas_compra" time="0.105" /><testcase classname="backend.tests.test_iter3.TestModules" name="test_nomina_via_alegra" time="0.125" /></testsuite></testsuites>