<?xml version="1.0" encoding="utf-8"?><testsuites name="pytest tests"><testsuite name="pytest" errors="0" failures="0" skipped="1" tests="12" time="1.837" timestamp="2026-03-12T22:32:25.080463+00:00" hostname="agent-env-86b53a0a-7d3c-4bc8-a81f-9c536e833ebe"><testcase classname="backend.tests.test_new_modules.TestPrivacy" name="test_inventario_stats_requires_auth" time="0.180" /><testcase classname="backend.tests.test_new_modules.TestPrivacy" name="test_inventario_motos_requires_auth" time="0.137" /><testcase classname="backend.tests.test_new_modules.TestPrivacy" name="test_presupuesto_requires_auth" time="0.197" /><testcase classname="backend.tests.test_new_modules.TestPrivacy" name="test_chat_execute_action_requires_auth" time="0.114" /><testcase classname="backend.tests.test_new_modules.TestChatExecuteAction" name="test_execute_action_returns_success" time="0.491" /><testcase classname="backend.tests.test_new_modules.TestChatExecuteAction" name="test_execute_action_unknown_action" time="0.104" /><testcase classname="backend.tests.test_new_modules.TestInventario" name="test_get_inventario_stats" time="0.113" /><testcase classname="backend.tests.test_new_modules.TestInventario" name="test_get_inventario_motos" time="0.113" /><testcase classname="backend.tests.test_new_modules.TestPresupuesto" name="test_get_presupuesto" time="0.116" /><testcase classname="backend.tests.test_new_modules.TestPresupuesto" name="test_save_presupuesto_item" time="0.105" /><testcase classname="backend.tests.test_new_modules.TestPresupuesto" name="test_presupuesto_persisted" time="0.108" /><testcase classname="backend.tests.test_new_modules.TestPresupuesto" name="test_delete_presupuesto_item" time="0.000"><skipped type="pytest.skip" message="No item created">/app/backend/tests/test_new_modules.py:122: No item created</skipped></testcase></testsuite></testsuites>