<?xml version="1.0" encoding="utf-8"?><testsuites name="pytest tests"><testsuite name="pytest" errors="0" failures="0" skipped="0" tests="17" time="68.540" timestamp="2026-03-13T04:45:20.037902+00:00" hostname="agent-env-86b53a0a-7d3c-4bc8-a81f-9c536e833ebe"><testcase classname="backend.tests.test_sprint_current.TestAuth" name="test_admin_login" time="0.351" /><testcase classname="backend.tests.test_sprint_current.TestAuth" name="test_user_login" time="0.344" /><testcase classname="backend.tests.test_sprint_current.TestAuth" name="test_invalid_login" time="0.113" /><testcase classname="backend.tests.test_sprint_current.TestDashboard" name="test_dashboard_alegra_invoices" time="0.795" /><testcase classname="backend.tests.test_sprint_current.TestDashboard" name="test_dashboard_alegra_bills" time="0.434" /><testcase classname="backend.tests.test_sprint_current.TestAIChat" name="test_chat_general_question" time="28.289" /><testcase classname="backend.tests.test_sprint_current.TestAIChat" name="test_chat_causar_egreso" time="16.454" /><testcase classname="backend.tests.test_sprint_current.TestAIChat" name="test_chat_retencion" time="20.247" /><testcase classname="backend.tests.test_sprint_current.TestExecuteAction" name="test_registrar_entrega_not_found_returns_400" time="0.172" /><testcase classname="backend.tests.test_sprint_current.TestLoanbook" name="test_loanbook_list" time="0.110" /><testcase classname="backend.tests.test_sprint_current.TestLoanbook" name="test_loanbook_accessible_by_user" time="0.524" /><testcase classname="backend.tests.test_sprint_current.TestCartera" name="test_cartera_semanal" time="0.105" /><testcase classname="backend.tests.test_sprint_current.TestCartera" name="test_cartera_clients_no_500" time="0.102" /><testcase classname="backend.tests.test_sprint_current.TestCartera" name="test_cartera_cola_remota" time="0.117" /><testcase classname="backend.tests.test_sprint_current.TestSettings" name="test_get_mercately_settings" time="0.120" /><testcase classname="backend.tests.test_sprint_current.TestSettings" name="test_save_mercately_settings" time="0.106" /><testcase classname="backend.tests.test_sprint_current.TestSettings" name="test_alegra_credentials" time="0.103" /></testsuite></testsuites>