<?xml version="1.0" encoding="utf-8"?><testsuites name="pytest tests"><testsuite name="pytest" errors="0" failures="0" skipped="0" tests="12" time="2.815" timestamp="2026-03-14T22:54:43.779084+00:00" hostname="agent-env-86b53a0a-7d3c-4bc8-a81f-9c536e833ebe"><testcase classname="backend.tests.test_mercately" name="test_get_mercately_settings_returns_expected_fields" time="0.797" /><testcase classname="backend.tests.test_mercately" name="test_get_mercately_settings_no_api_secret" time="0.108" /><testcase classname="backend.tests.test_mercately" name="test_post_mercately_settings_saves_correctly" time="0.292" /><testcase classname="backend.tests.test_mercately" name="test_mercately_test_connection_invalid_key" time="0.307" /><testcase classname="backend.tests.test_mercately" name="test_mercately_test_connection_no_api_key" time="0.303" /><testcase classname="backend.tests.test_mercately" name="test_webhook_is_public_no_jwt" time="0.108" /><testcase classname="backend.tests.test_mercately" name="test_webhook_unknown_phone_returns_ok" time="0.112" /><testcase classname="backend.tests.test_mercately" name="test_webhook_whitelist_phone_content_si_returns_ok" time="0.136" /><testcase classname="backend.tests.test_mercately" name="test_webhook_whitelist_phone_content_no_returns_ok" time="0.138" /><testcase classname="backend.tests.test_mercately" name="test_webhook_no_phone_returns_ok" time="0.122" /><testcase classname="backend.tests.test_mercately" name="test_webhook_invalid_json_returns_ok" time="0.126" /><testcase classname="backend.tests.test_mercately" name="test_post_mercately_settings_no_api_secret_in_payload" time="0.106" /></testsuite></testsuites>