<?xml version="1.0" encoding="utf-8"?><testsuites name="pytest tests"><testsuite name="pytest" errors="0" failures="0" skipped="0" tests="13" time="155.114" timestamp="2026-03-14T21:21:11.702407+00:00" hostname="agent-env-86b53a0a-7d3c-4bc8-a81f-9c536e833ebe"><testcase classname="backend.tests.test_integration_cfo_test4.TestA_Endpoints" name="test_semaforo_status_200" time="4.087" /><testcase classname="backend.tests.test_integration_cfo_test4.TestA_Endpoints" name="test_semaforo_5_keys" time="3.895" /><testcase classname="backend.tests.test_integration_cfo_test4.TestA_Endpoints" name="test_semaforo_no_metricas_key" time="3.656" /><testcase classname="backend.tests.test_integration_cfo_test4.TestA_Endpoints" name="test_semaforo_valid_colors" time="3.527" /><testcase classname="backend.tests.test_integration_cfo_test4.TestA_Endpoints" name="test_generar_informe" time="35.525" /><testcase classname="backend.tests.test_integration_cfo_test4.TestA_Endpoints" name="test_generar_informe_structure" time="35.034" /><testcase classname="backend.tests.test_integration_cfo_test4.TestA_Endpoints" name="test_informe_mensual_persistencia" time="28.706" /><testcase classname="backend.tests.test_integration_cfo_test4.TestA_Endpoints" name="test_alertas_no_500" time="0.068" /><testcase classname="backend.tests.test_integration_cfo_test4.TestB_SemaforoDinamico" name="test_impuestos_rojo_con_fecha_vencida" time="4.363" /><testcase classname="backend.tests.test_integration_cfo_test4.TestB_SemaforoDinamico" name="test_impuestos_verde_sin_fechas_dian" time="3.638" /><testcase classname="backend.tests.test_integration_cfo_test4.TestB_SemaforoDinamico" name="test_cartera_rojo_con_alto_dpd" time="3.701" /><testcase classname="backend.tests.test_integration_cfo_test4.TestC_ChatRouting" name="test_cfo_query_returns_financial_info" time="14.478" /><testcase classname="backend.tests.test_integration_cfo_test4.TestC_ChatRouting" name="test_contable_query_not_cfo" time="14.382" /></testsuite></testsuites>