<?xml version="1.0" encoding="utf-8"?><testsuites name="pytest tests"><testsuite name="pytest" errors="0" failures="0" skipped="0" tests="14" time="6.314" timestamp="2026-03-14T23:06:59.937365+00:00" hostname="agent-env-86b53a0a-7d3c-4bc8-a81f-9c536e833ebe"><testcase classname="backend.tests.test_mercately_5" name="test_5A1_cliente_image_no_crash" time="0.832" /><testcase classname="backend.tests.test_mercately_5" name="test_5A1_real_client_image_no_crash" time="0.314" /><testcase classname="backend.tests.test_mercately_5" name="test_5A2_duplicate_comprobante_endpoint_no_crash" time="0.402" /><testcase classname="backend.tests.test_mercately_5" name="test_5A3_desconocido_phone_returns_ok" time="0.151" /><testcase classname="backend.tests.test_mercately_5" name="test_5A4_whitelist_si_without_session_returns_ok" time="0.315" /><testcase classname="backend.tests.test_mercately_5" name="test_5B1_interno_image_no_crash" time="0.197" /><testcase classname="backend.tests.test_mercately_5" name="test_5B1_interno_document_no_crash" time="0.200" /><testcase classname="backend.tests.test_mercately_5" name="test_5B2_expired_session_si_returns_ok" time="0.475" /><testcase classname="backend.tests.test_mercately_5" name="test_5B3_interno_no_cancels_session" time="0.160" /><testcase classname="backend.tests.test_mercately_5" name="test_5C1_post_settings_with_destinatarios_resumen" time="0.262" /><testcase classname="backend.tests.test_mercately_5" name="test_5C2_backwards_compat_ceo_number_in_destinatarios" time="0.419" /><testcase classname="backend.tests.test_mercately_5" name="test_5C3_test_connection_invalid_key_not_500" time="0.436" /><testcase classname="backend.tests.test_mercately_5" name="test_5C4_enviar_whatsapp_empty_api_key_returns_false" time="2.047" /><testcase classname="backend.tests.test_mercately_5" name="test_5C5_resumen_semanal_empty_destinatarios_no_crash" time="0.032" /></testsuite></testsuites>